<?xml version="1.0" encoding="UTF-8"?>
<robot generator="Robot 7.0 (Python 3.11.0 on win32)" generated="2024-03-06T10:58:36.800435" rpa="false" schemaversion="5">
<suite id="s1" name="Variables" source="C:\PROJECTS_GITHUB\robotframework_codes\Tests\Variables.robot">
<test id="s1-t1" name="Verify Successful Login to OrangeHRM" line="12">
<kw name="Open Browser" owner="SeleniumLibrary">
<msg time="2024-03-06T10:58:37.066053" level="INFO">Opening browser 'Chrome' to base url 'https://opensource-demo.orangehrmlive.com/'.</msg>
<arg>https://opensource-demo.orangehrmlive.com/</arg>
<arg>Chrome</arg>
<doc>Opens a new browser instance to the optional ``url``.</doc>
<status status="PASS" start="2024-03-06T10:58:37.066053" elapsed="7.554938"/>
</kw>
<kw name="Wait Until Element Is Visible" owner="SeleniumLibrary">
<msg time="2024-03-06T10:58:49.750402" level="INFO" html="true">&lt;/td&gt;&lt;/tr&gt;&lt;tr&gt;&lt;td colspan="3"&gt;&lt;a href="selenium-screenshot-1.png"&gt;&lt;img src="selenium-screenshot-1.png" width="800px"&gt;&lt;/a&gt;</msg>
<msg time="2024-03-06T10:58:49.750402" level="FAIL">Element 'id:txtUsername' not visible after 5 seconds.</msg>
<arg>id:txtUsername</arg>
<arg>timeout=5</arg>
<doc>Waits until the element ``locator`` is visible.</doc>
<status status="FAIL" start="2024-03-06T10:58:44.620991" elapsed="5.129411">Element 'id:txtUsername' not visible after 5 seconds.</status>
</kw>
<kw name="Input Text" owner="SeleniumLibrary">
<arg>id:txtUsername</arg>
<arg>${UserNameHRM}</arg>
<doc>Types the given ``text`` into the text field identified by ``locator``.</doc>
<status status="NOT RUN" start="2024-03-06T10:58:49.750402" elapsed="0.000000"/>
</kw>
<kw name="Input Password" owner="SeleniumLibrary">
<arg>id:txtPassword</arg>
<arg>${PasswordHRM}</arg>
<doc>Types the given password into the text field identified by ``locator``.</doc>
<status status="NOT RUN" start="2024-03-06T10:58:49.750402" elapsed="0.000000"/>
</kw>
<kw name="Click Element" owner="SeleniumLibrary">
<arg>id:btnLogin</arg>
<doc>Click the element identified by ``locator``.</doc>
<status status="NOT RUN" start="2024-03-06T10:58:49.750402" elapsed="0.000000"/>
</kw>
<kw name="Element Should Be Visible" owner="SeleniumLibrary">
<arg>${VisibleElements}[OrangeHRM]</arg>
<arg>timeout=5</arg>
<doc>Verifies that the element identified by ``locator`` is visible.</doc>
<status status="NOT RUN" start="2024-03-06T10:58:49.750402" elapsed="0.000000"/>
</kw>
<kw name="Close Browser" owner="SeleniumLibrary">
<doc>Closes the current browser.</doc>
<status status="NOT RUN" start="2024-03-06T10:58:49.750402" elapsed="0.000000"/>
</kw>
<doc>This test case verifies that the user is able to successfully log in to OrangeHRM</doc>
<tag>Smoke</tag>
<status status="FAIL" start="2024-03-06T10:58:37.066053" elapsed="12.699973">Element 'id:txtUsername' not visible after 5 seconds.</status>
</test>
<test id="s1-t2" name="Verify Successful Login to the-internet.herokuapp" line="23">
<kw name="Open Browser" owner="SeleniumLibrary">
<msg time="2024-03-06T10:58:49.766026" level="INFO">Opening browser 'Chrome' to base url 'https://the-internet.herokuapp.com/login'.</msg>
<arg>https://the-internet.herokuapp.com/login</arg>
<arg>Chrome</arg>
<doc>Opens a new browser instance to the optional ``url``.</doc>
<status status="PASS" start="2024-03-06T10:58:49.766026" elapsed="7.040300"/>
</kw>
<kw name="Wait Until Element Is Visible" owner="SeleniumLibrary">
<arg>id:username</arg>
<arg>timeout=5</arg>
<doc>Waits until the element ``locator`` is visible.</doc>
<status status="PASS" start="2024-03-06T10:58:56.806326" elapsed="0.028002"/>
</kw>
<kw name="Input Text" owner="SeleniumLibrary">
<msg time="2024-03-06T10:58:56.834328" level="INFO">Typing text 'tomsmith' into text field 'id:username'.</msg>
<arg>id:username</arg>
<arg>${CredentialsTheInternetHerokuApp}[0]</arg>
<doc>Types the given ``text`` into the text field identified by ``locator``.</doc>
<status status="PASS" start="2024-03-06T10:58:56.834328" elapsed="0.138448"/>
</kw>
<kw name="Input Password" owner="SeleniumLibrary">
<msg time="2024-03-06T10:58:56.973820" level="INFO">Typing password into text field 'id:password'.</msg>
<msg time="2024-03-06T10:58:57.017735" level="INFO">Temporally setting log level to: NONE</msg>
<arg>id:password</arg>
<arg>${CredentialsTheInternetHerokuApp}[1]</arg>
<doc>Types the given password into the text field identified by ``locator``.</doc>
<status status="PASS" start="2024-03-06T10:58:56.973820" elapsed="0.117513"/>
</kw>
<kw name="Click Element" owner="SeleniumLibrary">
<msg time="2024-03-06T10:58:57.091333" level="INFO">Clicking element 'css:button[type="submit"]'.</msg>
<arg>css:button[type="submit"]</arg>
<doc>Click the element identified by ``locator``.</doc>
<status status="PASS" start="2024-03-06T10:58:57.091333" elapsed="1.056734"/>
</kw>
<kw name="Element Should Be Visible" owner="SeleniumLibrary">
<msg time="2024-03-06T10:58:58.183312" level="INFO">Element 'css:[href="/logout"]' is displayed.</msg>
<arg>${VisibleElements}[InternetHerokuApp]</arg>
<arg>timeout=5</arg>
<doc>Verifies that the element identified by ``locator`` is visible.</doc>
<status status="PASS" start="2024-03-06T10:58:58.149073" elapsed="0.034239"/>
</kw>
<kw name="Close Browser" owner="SeleniumLibrary">
<doc>Closes the current browser.</doc>
<status status="PASS" start="2024-03-06T10:58:58.198939" elapsed="2.170335"/>
</kw>
<doc>This test case verifies that user is able to successfully Login to the-internet.herokuapp</doc>
<tag>Smoke</tag>
<status status="PASS" start="2024-03-06T10:58:49.766026" elapsed="10.604270"/>
</test>
<test id="s1-t3" name="Verify Environment variable" line="34">
<kw name="Should Contain" owner="BuiltIn">
<msg time="2024-03-06T10:59:00.373291" level="FAIL">'C:\Program Files (x86)\VMware\VMware Player\bin\;C:\Program Files\Common Files\Oracle\Java\javapath;C:\Program Files (x86)\Common Files\Oracle\Java\javapath;C:\Program Files (x86)\Intel\iCLS Client\;C:\Program Files\Intel\iCLS Client\;C:\Windows\system32;C:\Windows;C:\Windows\System32\Wbem;C:\Windows\System32\WindowsPowerShell\v1.0\;C:\Windows\System32\OpenSSH\;C:\Program Files (x86)\Intel\Intel(R) Management Engine Components\DAL;C:\Program Files\Intel\Intel(R) Management Engine Components\DAL;C:\Program Files (x86)\Intel\Intel(R) Management Engine Components\IPT;C:\Program Files\Intel\Intel(R) Management Engine Components\IPT;C:\Program Files (x86)\NVIDIA Corporation\PhysX\Common;C:\Program Files\Intel\WiFi\bin\;C:\Program Files\Common Files\Intel\WirelessCommon\;C:\HashiCorp\Vagrant\bin;C:\WINDOWS\system32;C:\WINDOWS;C:\WINDOWS\System32\Wbem;C:\WINDOWS\System32\WindowsPowerShell\v1.0\;C:\WINDOWS\System32\OpenSSH\;C:\test4\apache-maven-3.6.3-bin\apache-maven-3.6.3\bin;C:\Users\soorya\AppData\Local\Programs\Python\Python310;C:\Python\Scripts;C:\Program Files\nodejs\;C:\Program Files\Git\cmd;C:\Program Files\Docker\Docker\resources\bin;C:\ProgramData\DockerDesktop\version-bin;C:\Program Files\Java\jdk-18.0.1.1\bin;C:\Users\soorya\AppData\Local\Programs\Python\Python311\Scripts\;C:\Users\soorya\AppData\Local\Programs\Python\Python311\;C:\Users\soorya\AppData\Local\Programs\Python\Python310\Scripts\;C:\Users\soorya\AppData\Local\Programs\Python\Python310\;C:\Users\soorya\AppData\Roaming\Python\Python310\Scripts;C:\Users\soorya\AppData\Local\Programs\Python\Python310\Scripts;C:\Program Files\MySQL\MySQL Shell 8.0\bin\;C:\Users\soorya\AppData\Local\Microsoft\WindowsApps;C:\Users\soorya\AppData\Roaming\npm;C:\Program Files\JetBrains\PyCharm Community Edition 2022.1.3\bin;C:\allurecmdline\allure-commandline-2.13.3\allure-2.13.3\bin;C:\Users\soorya\AppData\Local\Programs\Microsoft VS Code\bin;C:\Users\soorya\AppData\Local\atom\bin;C:\allure-commandline-2.18.1\allure-2.18.1\bin;C:\Users\soorya\AppData\Local\JetBrains\Toolbox\scripts;;C:\Program Files\JetBrains\PyCharm 2023.3.4\bin;' does not contain '/Library/Frameworks/Python.framework/'</msg>
<arg>%{PATH}</arg>
<arg>/Library/Frameworks/Python.framework/</arg>
<doc>Fails if ``container`` does not contain ``item`` one or more times.</doc>
<status status="FAIL" start="2024-03-06T10:59:00.373291" elapsed="0.000000">'C:\Program Files (x86)\VMware\VMware Player\bin\;C:\Program Files\Common Files\Oracle\Java\javapath;C:\Program Files (x86)\Common Files\Oracle\Java\javapath;C:\Program Files (x86)\Intel\iCLS Client\;C:\Program Files\Intel\iCLS Client\;C:\Windows\system32;C:\Windows;C:\Windows\System32\Wbem;C:\Windows\System32\WindowsPowerShell\v1.0\;C:\Windows\System32\OpenSSH\;C:\Program Files (x86)\Intel\Intel(R) Management Engine Components\DAL;C:\Program Files\Intel\Intel(R) Management Engine Components\DAL;C:\Program Files (x86)\Intel\Intel(R) Management Engine Components\IPT;C:\Program Files\Intel\Intel(R) Management Engine Components\IPT;C:\Program Files (x86)\NVIDIA Corporation\PhysX\Common;C:\Program Files\Intel\WiFi\bin\;C:\Program Files\Common Files\Intel\WirelessCommon\;C:\HashiCorp\Vagrant\bin;C:\WINDOWS\system32;C:\WINDOWS;C:\WINDOWS\System32\Wbem;C:\WINDOWS\System32\WindowsPowerShell\v1.0\;C:\WINDOWS\System32\OpenSSH\;C:\test4\apache-maven-3.6.3-bin\apache-maven-3.6.3\bin;C:\Users\soorya\AppData\Local\Programs\Python\Python310;C:\Python\Scripts;C:\Program Files\nodejs\;C:\Program Files\Git\cmd;C:\Program Files\Docker\Docker\resources\bin;C:\ProgramData\DockerDesktop\version-bin;C:\Program Files\Java\jdk-18.0.1.1\bin;C:\Users\soorya\AppData\Local\Programs\Python\Python311\Scripts\;C:\Users\soorya\AppData\Local\Programs\Python\Python311\;C:\Users\soorya\AppData\Local\Programs\Python\Python310\Scripts\;C:\Users\soorya\AppData\Local\Programs\Python\Python310\;C:\Users\soorya\AppData\Roaming\Python\Python310\Scripts;C:\Users\soorya\AppData\Local\Programs\Python\Python310\Scripts;C:\Program Files\MySQL\MySQL Shell 8.0\bin\;C:\Users\soorya\AppData\Local\Microsoft\WindowsApps;C:\Users\soorya\AppData\Roaming\npm;C:\Program Files\JetBrains\PyCharm Community Edition 2022.1.3\bin;C:\allurecmdline\allure-commandline-2.13.3\allure-2.13.3\bin;C:\Users\soorya\AppData\Local\Programs\Microsoft VS Code\bin;C:\Users\soorya\AppData\Local\atom\bin;C:\allure-commandline-2.18.1\allure-2.18.1\bin;C:\Users\soorya\AppData\Local\JetBrains\Toolbox\scripts;;C:\Program Files\JetBrains\PyCharm 2023.3.4\bin;' does not contain '/Library/Frameworks/Python.framework/'</status>
</kw>
<status status="FAIL" start="2024-03-06T10:59:00.372295" elapsed="0.002043">'C:\Program Files (x86)\VMware\VMware Player\bin\;C:\Program Files\Common Files\Oracle\Java\javapath;C:\Program Files (x86)\Common Files\Oracle\Java\javapath;C:\Program Files (x86)\Intel\iCLS Client\;C:\Program Files\Intel\iCLS Client\;C:\Windows\system32;C:\Windows;C:\Windows\System32\Wbem;C:\Windows\System32\WindowsPowerShell\v1.0\;C:\Windows\System32\OpenSSH\;C:\Program Files (x86)\Intel\Intel(R) Management Engine Components\DAL;C:\Program Files\Intel\Intel(R) Management Engine Components\DAL;C:\Program Files (x86)\Intel\Intel(R) Management Engine Components\IPT;C:\Program Files\Intel\Intel(R) Management Engine Components\IPT;C:\Program Files (x86)\NVIDIA Corporation\PhysX\Common;C:\Program Files\Intel\WiFi\bin\;C:\Program Files\Common Files\Intel\WirelessCommon\;C:\HashiCorp\Vagrant\bin;C:\WINDOWS\system32;C:\WINDOWS;C:\WINDOWS\System32\Wbem;C:\WINDOWS\System32\WindowsPowerShell\v1.0\;C:\WINDOWS\System32\OpenSSH\;C:\test4\apache-maven-3.6.3-bin\apache-maven-3.6.3\bin;C:\Users\soorya\AppData\Local\Programs\Python\Python310;C:\Python\Scripts;C:\Program Files\nodejs\;C:\Program Files\Git\cmd;C:\Program Files\Docker\Docker\resources\bin;C:\ProgramData\DockerDesktop\version-bin;C:\Program Files\Java\jdk-18.0.1.1\bin;C:\Users\soorya\AppData\Local\Programs\Python\Python311\Scripts\;C:\Users\soorya\AppData\Local\Programs\Python\Python311\;C:\Users\soorya\AppData\Local\Programs\Python\Python310\Scripts\;C:\Users\soorya\AppData\Local\Programs\Python\Python310\;C:\Users\soorya\AppData\Roaming\Python\Python310\Scripts;C:\Users\soorya\AppData\Local\Programs\Python\Python310\Scripts;C:\Program Files\MySQL\MySQL Shell 8.0\bin\;C:\Users\soorya\AppData\Local\Microsoft\WindowsApps;C:\Users\soorya\AppData\Roaming\npm;C:\Program Files\JetBrains\PyCharm Community Edition 2022.1.3\bin;C:\allurecmdline\allure-commandline-2.13.3\allure-2.13.3\bin;C:\Users\soorya\AppData\Local\Programs\Microsoft VS Code\bin;C:\Users\soorya\AppData\Local\atom\bin;C:\allure-commandline-2.18.1\allure-2.18.1\bin;C:\Users\soorya\AppData\Local\JetBrains\Toolbox\scripts;;C:\Program Files\JetBrains\PyCharm 2023.3.4\bin;' does not contain '/Library/Frameworks/Python.framework/'</status>
</test>
<doc>Login Functionality</doc>
<status status="FAIL" start="2024-03-06T10:58:36.800435" elapsed="23.577860"/>
</suite>
<statistics>
<total>
<stat pass="1" fail="2" skip="0">All Tests</stat>
</total>
<tag>
<stat pass="1" fail="1" skip="0">Smoke</stat>
</tag>
<suite>
<stat pass="1" fail="2" skip="0" id="s1" name="Variables">Variables</stat>
</suite>
</statistics>
<errors>
</errors>
</robot>
